Thu, 13 Feb 2025 12:34:42 GMT -- method: GET -- url: /productos -- status: 200 -- response-time: 180.955 ms
Thu, 13 Feb 2025 12:55:00 GMT -- method: POST -- url: /login -- status: 404 -- response-time: 1.756 ms
Thu, 13 Feb 2025 12:55:47 GMT -- method: POST -- url: /usuarios/login -- status: 200 -- response-time: 341.334 ms
Fri, 14 Feb 2025 02:22:31 GMT -- method: POST -- url: /usuarios/login -- status: 500 -- response-time: 4.016 ms
Fri, 14 Feb 2025 02:25:30 GMT -- method: POST -- url: /usuarios/login -- status: 500 -- response-time: 131.764 ms
Fri, 14 Feb 2025 02:28:56 GMT -- method: POST -- url: /usuarios/login -- status: 500 -- response-time: 92.598 ms
Fri, 14 Feb 2025 11:20:20 GMT -- method: POST -- url: /usuarios/login -- status: 500 -- response-time: 246.395 ms
Fri, 14 Feb 2025 11:24:25 GMT -- method: POST -- url: /usuarios/login -- status: 500 -- response-time: 64.079 ms
Fri, 14 Feb 2025 11:25:13 GMT -- method: POST -- url: /usuarios/login -- status: 500 -- response-time: 149.382 ms
Fri, 14 Feb 2025 11:25:34 GMT -- method: POST -- url: /usuarios/login -- status: 500 -- response-time: 97.602 ms
Fri, 14 Feb 2025 11:42:16 GMT -- method: POST -- url: /usuarios/login -- status: 500 -- response-time: 102.427 ms
Fri, 14 Feb 2025 11:42:50 GMT -- method: POST -- url: /usuarios/login -- status: 500 -- response-time: 95.545 ms
Fri, 14 Feb 2025 11:43:45 GMT -- method: POST -- url: /usuarios/login -- status: 500 -- response-time: 108.272 ms
Fri, 14 Feb 2025 11:45:05 GMT -- method: POST -- url: /usuarios/login -- status: 500 -- response-time: 122.807 ms
Fri, 14 Feb 2025 11:45:35 GMT -- method: POST -- url: /usuarios/login -- status: 500 -- response-time: 135.409 ms
Fri, 14 Feb 2025 11:46:01 GMT -- method: POST -- url: /usuarios/login -- status: 500 -- response-time: 212.489 ms
Fri, 14 Feb 2025 11:46:57 GMT -- method: POST -- url: /usuarios/login -- status: 500 -- response-time: 98.528 ms
Fri, 14 Feb 2025 11:48:28 GMT -- method: POST -- url: /usuarios/login -- status: 500 -- response-time: 142.473 ms
Fri, 14 Feb 2025 11:54:24 GMT -- method: POST -- url: /usuarios/login -- status: 500 -- response-time: 98.150 ms
Fri, 14 Feb 2025 11:56:09 GMT -- method: POST -- url: /usuarios/login -- status: 200 -- response-time: 219.321 ms
Fri, 14 Feb 2025 11:57:46 GMT -- method: POST -- url: /usuarios/login -- status: 200 -- response-time: 337.408 ms
Fri, 14 Feb 2025 12:07:12 GMT -- method: POST -- url: /usuarios/login -- status: 200 -- response-time: 222.507 ms
Fri, 14 Feb 2025 12:08:51 GMT -- method: POST -- url: /usuarios/login -- status: 200 -- response-time: 220.242 ms
Fri, 14 Feb 2025 13:03:46 GMT -- method: POST -- url: /usuarios/login -- status: 200 -- response-time: 372.307 ms
Fri, 14 Feb 2025 13:04:19 GMT -- method: POST -- url: /usuarios/login -- status: 200 -- response-time: 299.595 ms
Fri, 14 Feb 2025 13:08:57 GMT -- method: POST -- url: /usuarios/login -- status: 200 -- response-time: 198.856 ms
Fri, 14 Feb 2025 13:09:35 GMT -- method: POST -- url: /usuarios/login -- status: 200 -- response-time: 297.467 ms
Fri, 14 Feb 2025 13:15:26 GMT -- method: POST -- url: /usuarios/login -- status: 200 -- response-time: 200.733 ms
Fri, 14 Feb 2025 13:18:22 GMT -- method: POST -- url: /usuarios/login -- status: 200 -- response-time: 268.416 ms
Fri, 14 Feb 2025 13:24:24 GMT -- method: POST -- url: /usuarios/login -- status: 200 -- response-time: 180.464 ms
Fri, 14 Feb 2025 13:25:05 GMT -- method: POST -- url: /usuarios/login -- status: 500 -- response-time: 255.964 ms
Fri, 14 Feb 2025 13:26:50 GMT -- method: POST -- url: /usuarios/login -- status: 500 -- response-time: 193.698 ms
Fri, 14 Feb 2025 13:29:19 GMT -- method: POST -- url: /usuarios/login -- status: 500 -- response-time: 258.284 ms
Fri, 14 Feb 2025 13:33:04 GMT -- method: POST -- url: /usuarios/login -- status: 500 -- response-time: 358.892 ms
Fri, 14 Feb 2025 23:26:37 GMT -- method: POST -- url: /usuarios/login -- status: 200 -- response-time: 348.533 ms
Fri, 14 Feb 2025 23:26:56 GMT -- method: POST -- url: /usuarios/login -- status: 500 -- response-time: 355.965 ms
Fri, 14 Feb 2025 23:48:32 GMT -- method: POST -- url: /usuarios/login -- status: 500 -- response-time: 166.714 ms
Fri, 14 Feb 2025 23:49:17 GMT -- method: POST -- url: /usuarios/login -- status: 500 -- response-time: 139.774 ms
Fri, 14 Feb 2025 23:57:22 GMT -- method: POST -- url: /usuarios/login -- status: 500 -- response-time: 140.675 ms
Fri, 14 Feb 2025 23:59:46 GMT -- method: POST -- url: /usuarios/login -- status: 500 -- response-time: 209.944 ms
Sat, 15 Feb 2025 00:00:14 GMT -- method: POST -- url: /usuarios/login -- status: 500 -- response-time: 142.584 ms
Sat, 15 Feb 2025 00:04:11 GMT -- method: POST -- url: /usuarios/login -- status: 500 -- response-time: 127.715 ms
Sat, 15 Feb 2025 00:06:14 GMT -- method: POST -- url: /usuarios/login -- status: 500 -- response-time: 187.714 ms
Sat, 15 Feb 2025 00:06:28 GMT -- method: POST -- url: /usuarios/login -- status: 500 -- response-time: 169.849 ms
Sat, 15 Feb 2025 00:07:08 GMT -- method: POST -- url: /usuarios/login -- status: 500 -- response-time: 292.370 ms
Sat, 15 Feb 2025 00:07:26 GMT -- method: POST -- url: /usuarios/login -- status: 500 -- response-time: 234.091 ms
Sat, 15 Feb 2025 00:09:33 GMT -- method: POST -- url: /usuarios/login -- status: 500 -- response-time: 153.804 ms
Sat, 15 Feb 2025 00:10:45 GMT -- method: POST -- url: /usuarios/login -- status: 500 -- response-time: 316.028 ms
Sat, 15 Feb 2025 00:11:47 GMT -- method: POST -- url: /usuarios/login -- status: 500 -- response-time: 165.847 ms
Sat, 15 Feb 2025 00:14:15 GMT -- method: POST -- url: /usuarios/login -- status: 500 -- response-time: 135.908 ms
Sat, 15 Feb 2025 00:15:16 GMT -- method: POST -- url: /usuarios/login -- status: 500 -- response-time: 181.088 ms
Sat, 15 Feb 2025 00:17:41 GMT -- method: POST -- url: /usuarios/login -- status: 500 -- response-time: 232.581 ms
Sat, 15 Feb 2025 00:18:48 GMT -- method: POST -- url: /usuarios/login -- status: 500 -- response-time: 226.406 ms
Sat, 15 Feb 2025 00:39:47 GMT -- method: POST -- url: /usuarios/login -- status: 500 -- response-time: 143.971 ms
Sat, 15 Feb 2025 00:40:03 GMT -- method: POST -- url: /usuarios/login -- status: 200 -- response-time: 223.920 ms
Sat, 15 Feb 2025 00:40:12 GMT -- method: POST -- url: /usuarios/login -- status: 500 -- response-time: 143.211 ms
Sat, 15 Feb 2025 00:41:50 GMT -- method: POST -- url: /usuarios/login -- status: 200 -- response-time: 219.550 ms
Sat, 15 Feb 2025 00:42:08 GMT -- method: POST -- url: /usuarios/login -- status: 500 -- response-time: 223.287 ms
Sat, 15 Feb 2025 00:42:23 GMT -- method: POST -- url: /usuarios/login -- status: 500 -- response-time: 164.562 ms
Sat, 15 Feb 2025 00:43:36 GMT -- method: POST -- url: /usuarios/login -- status: 500 -- response-time: 166.597 ms
Sat, 15 Feb 2025 00:44:14 GMT -- method: POST -- url: /usuarios/login -- status: 500 -- response-time: 185.330 ms
Sat, 15 Feb 2025 00:46:10 GMT -- method: POST -- url: /usuarios/login -- status: 500 -- response-time: 174.260 ms
Sat, 15 Feb 2025 00:49:12 GMT -- method: POST -- url: /usuarios/login -- status: 500 -- response-time: 198.394 ms
Sat, 15 Feb 2025 00:49:24 GMT -- method: POST -- url: /usuarios/login -- status: 500 -- response-time: 189.202 ms
Sat, 15 Feb 2025 00:50:08 GMT -- method: POST -- url: /usuarios/login -- status: 500 -- response-time: 215.109 ms
Sat, 15 Feb 2025 00:50:20 GMT -- method: POST -- url: /usuarios/login -- status: 500 -- response-time: 204.434 ms
Sat, 15 Feb 2025 00:50:26 GMT -- method: POST -- url: /usuarios/login -- status: 200 -- response-time: 161.430 ms
Sat, 15 Feb 2025 00:51:24 GMT -- method: POST -- url: /usuarios/login -- status: 200 -- response-time: 150.861 ms
Sat, 15 Feb 2025 00:51:33 GMT -- method: POST -- url: /usuarios/login -- status: 500 -- response-time: 153.749 ms
Sat, 15 Feb 2025 00:52:26 GMT -- method: POST -- url: /usuarios/login -- status: 200 -- response-time: 246.322 ms
Sat, 15 Feb 2025 00:54:01 GMT -- method: POST -- url: /usuarios/login -- status: 200 -- response-time: 132.478 ms
Sat, 15 Feb 2025 00:54:19 GMT -- method: POST -- url: /usuarios/login -- status: 500 -- response-time: 233.775 ms
Sat, 15 Feb 2025 00:54:37 GMT -- method: POST -- url: /usuarios/login -- status: 200 -- response-time: 224.818 ms
Sat, 15 Feb 2025 00:54:49 GMT -- method: POST -- url: /usuarios/login -- status: 500 -- response-time: 242.051 ms
Sat, 15 Feb 2025 00:57:16 GMT -- method: POST -- url: /usuarios/login -- status: 500 -- response-time: 165.345 ms
Sat, 15 Feb 2025 00:57:23 GMT -- method: POST -- url: /usuarios/login -- status: 500 -- response-time: 84.751 ms
Sat, 15 Feb 2025 00:57:27 GMT -- method: POST -- url: /usuarios/login -- status: 500 -- response-time: 97.543 ms
Sat, 15 Feb 2025 00:57:32 GMT -- method: POST -- url: /usuarios/login -- status: 500 -- response-time: 86.658 ms
Sat, 15 Feb 2025 00:57:49 GMT -- method: POST -- url: /usuarios/login -- status: 200 -- response-time: 149.154 ms
Sat, 15 Feb 2025 00:58:30 GMT -- method: POST -- url: /usuarios/login1 -- status: 404 -- response-time: 0.875 ms
Sat, 15 Feb 2025 00:58:39 GMT -- method: POST -- url: /usuarios/login1 -- status: 404 -- response-time: 0.442 ms
Sat, 15 Feb 2025 00:58:44 GMT -- method: POST -- url: /usuarios/login1 -- status: 404 -- response-time: 0.299 ms
Sat, 15 Feb 2025 01:08:12 GMT -- method: POST -- url: /usuarios/login -- status: 500 -- response-time: 149.163 ms
Sat, 15 Feb 2025 01:09:50 GMT -- method: POST -- url: /usuarios/login -- status: 500 -- response-time: 142.357 ms
Sat, 15 Feb 2025 01:10:30 GMT -- method: POST -- url: /usuarios/login -- status: 500 -- response-time: 137.640 ms
Sat, 15 Feb 2025 01:10:51 GMT -- method: POST -- url: /usuarios/login -- status: 200 -- response-time: 128.119 ms
Sat, 15 Feb 2025 01:12:14 GMT -- method: POST -- url: /usuarios/login -- status: 200 -- response-time: 159.595 ms
Sat, 15 Feb 2025 01:12:22 GMT -- method: POST -- url: /usuarios/login -- status: 500 -- response-time: 154.126 ms
Sat, 15 Feb 2025 01:12:29 GMT -- method: POST -- url: /usuarios/login -- status: 500 -- response-time: 161.306 ms
Sat, 15 Feb 2025 01:13:27 GMT -- method: POST -- url: /usuarios/login -- status: 500 -- response-time: 130.054 ms
Sat, 15 Feb 2025 01:13:37 GMT -- method: POST -- url: /usuarios/login -- status: 200 -- response-time: 218.469 ms
Sat, 15 Feb 2025 01:13:46 GMT -- method: POST -- url: /usuarios/login -- status: 500 -- response-time: 149.883 ms
Sat, 15 Feb 2025 01:15:33 GMT -- method: POST -- url: /usuarios/login -- status: 500 -- response-time: 136.700 ms
Sat, 15 Feb 2025 01:15:43 GMT -- method: POST -- url: /usuarios/login -- status: 500 -- response-time: 152.937 ms
Sat, 15 Feb 2025 01:15:45 GMT -- method: POST -- url: /usuarios/login -- status: 500 -- response-time: 179.555 ms
Sat, 15 Feb 2025 01:16:10 GMT -- method: POST -- url: /usuarios/login -- status: 500 -- response-time: 209.929 ms
Sat, 15 Feb 2025 01:16:21 GMT -- method: POST -- url: /usuarios/login -- status: 200 -- response-time: 234.260 ms
Sat, 15 Feb 2025 01:16:29 GMT -- method: POST -- url: /usuarios/login -- status: 500 -- response-time: 163.054 ms
Sat, 15 Feb 2025 01:16:34 GMT -- method: POST -- url: /usuarios/login -- status: 200 -- response-time: 170.381 ms
Sat, 15 Feb 2025 02:52:28 GMT -- method: POST -- url: /registro -- status: 404 -- response-time: 1.664 ms
Sat, 15 Feb 2025 03:06:24 GMT -- method: POST -- url: /usuarios/registro -- status: 201 -- response-time: 319.856 ms
Sat, 15 Feb 2025 03:17:24 GMT -- method: POST -- url: /usuarios/registro -- status: 500 -- response-time: 2.811 ms
Sat, 15 Feb 2025 03:28:31 GMT -- method: POST -- url: /usuarios/registro -- status: 500 -- response-time: 326.168 ms
Sat, 15 Feb 2025 03:28:47 GMT -- method: POST -- url: /usuarios/registro -- status: 500 -- response-time: 252.298 ms
Sat, 15 Feb 2025 03:28:57 GMT -- method: POST -- url: /usuarios/registro -- status: 500 -- response-time: 233.638 ms
Sat, 15 Feb 2025 03:29:36 GMT -- method: POST -- url: /usuarios/registro -- status: 201 -- response-time: 228.809 ms
Sat, 15 Feb 2025 04:03:59 GMT -- method: POST -- url: /usuarios/registro -- status: 500 -- response-time: 10.500 ms
Sat, 15 Feb 2025 04:25:45 GMT -- method: POST -- url: /usuarios/registro -- status: 500 -- response-time: 4.757 ms
Sat, 15 Feb 2025 04:26:35 GMT -- method: POST -- url: /usuarios/registro -- status: 500 -- response-time: 1.229 ms
Sat, 15 Feb 2025 04:36:34 GMT -- method: POST -- url: /usuarios/registro -- status: 500 -- response-time: 90.401 ms
Sat, 15 Feb 2025 04:42:24 GMT -- method: POST -- url: /usuarios/registro -- status: 500 -- response-time: 78.644 ms
Sat, 15 Feb 2025 04:47:35 GMT -- method: POST -- url: /usuarios/registro -- status: 500 -- response-time: 6.026 ms
Sat, 15 Feb 2025 04:48:12 GMT -- method: POST -- url: /usuarios/registro -- status: 500 -- response-time: 95.938 ms
Sat, 15 Feb 2025 05:01:37 GMT -- method: POST -- url: /usuarios/registro -- status: 500 -- response-time: 120.045 ms
Sat, 15 Feb 2025 05:04:02 GMT -- method: POST -- url: /usuarios/registro -- status: 500 -- response-time: 93.523 ms
Sat, 15 Feb 2025 05:05:37 GMT -- method: POST -- url: /usuarios/registro -- status: 500 -- response-time: 81.147 ms
Sat, 15 Feb 2025 05:10:01 GMT -- method: POST -- url: /usuarios/registro -- status: 500 -- response-time: 80.555 ms
Sat, 15 Feb 2025 05:13:06 GMT -- method: POST -- url: /usuarios/registro -- status: 500 -- response-time: 83.219 ms
Sat, 15 Feb 2025 05:13:59 GMT -- method: POST -- url: /usuarios/registro -- status: 500 -- response-time: 258.129 ms
Sat, 15 Feb 2025 05:16:35 GMT -- method: POST -- url: /usuarios/registro -- status: 500 -- response-time: 208.855 ms
Sat, 15 Feb 2025 05:17:05 GMT -- method: POST -- url: /usuarios/registro -- status: 500 -- response-time: 263.062 ms
Sat, 15 Feb 2025 05:18:43 GMT -- method: POST -- url: /usuarios/registro -- status: 500 -- response-time: 217.106 ms
Sat, 15 Feb 2025 05:23:25 GMT -- method: POST -- url: /usuarios/registro -- status: 201 -- response-time: 210.959 ms
Sat, 15 Feb 2025 05:25:01 GMT -- method: POST -- url: /usuarios/registro -- status: 201 -- response-time: 270.915 ms
Sat, 15 Feb 2025 05:29:42 GMT -- method: POST -- url: /usuarios/registro -- status: 201 -- response-time: 282.013 ms
Sat, 15 Feb 2025 05:31:24 GMT -- method: POST -- url: /usuarios/registro -- status: 500 -- response-time: 71.333 ms
Sat, 15 Feb 2025 05:32:42 GMT -- method: POST -- url: /usuarios/registro -- status: 500 -- response-time: 88.046 ms
Sat, 15 Feb 2025 17:57:55 GMT -- method: POST -- url: /usuarios/registro -- status: 500 -- response-time: 6.219 ms
Sun, 16 Feb 2025 00:19:15 GMT -- method: POST -- url: /usuarios/login -- status: 500 -- response-time: 83.379 ms
Sun, 16 Feb 2025 00:19:38 GMT -- method: POST -- url: /usuarios/login -- status: 500 -- response-time: 58.423 ms
Sun, 16 Feb 2025 00:21:33 GMT -- method: POST -- url: /usuarios/registro -- status: 500 -- response-time: 0.928 ms
Sun, 16 Feb 2025 00:30:00 GMT -- method: POST -- url: /usuarios/registro -- status: 400 -- response-time: 4.828 ms
Sun, 16 Feb 2025 00:30:28 GMT -- method: POST -- url: /usuarios/registro -- status: 400 -- response-time: 1.646 ms
Sun, 16 Feb 2025 00:32:25 GMT -- method: POST -- url: /usuarios/registro -- status: 400 -- response-time: 89.407 ms
Sun, 16 Feb 2025 00:32:43 GMT -- method: POST -- url: /usuarios/registro -- status: 400 -- response-time: 163.543 ms
Sun, 16 Feb 2025 00:32:53 GMT -- method: POST -- url: /usuarios/registro -- status: 400 -- response-time: 3.392 ms
Sun, 16 Feb 2025 00:33:34 GMT -- method: POST -- url: /usuarios/registro -- status: 201 -- response-time: 230.435 ms
Sun, 16 Feb 2025 00:48:14 GMT -- method: POST -- url: /usuarios/registro -- status: 400 -- response-time: 99.008 ms
Sun, 16 Feb 2025 00:48:34 GMT -- method: POST -- url: /usuarios/registro -- status: 400 -- response-time: 51.182 ms
Sun, 16 Feb 2025 00:48:46 GMT -- method: POST -- url: /usuarios/registro -- status: 400 -- response-time: 50.100 ms
Sun, 16 Feb 2025 00:48:54 GMT -- method: POST -- url: /usuarios/registro -- status: 400 -- response-time: 2.355 ms
Sun, 16 Feb 2025 00:49:15 GMT -- method: POST -- url: /usuarios/registro -- status: 201 -- response-time: 247.593 ms
Sun, 16 Feb 2025 01:00:46 GMT -- method: POST -- url: /usuarios/registro -- status: 400 -- response-time: 73.385 ms
Sun, 16 Feb 2025 01:10:43 GMT -- method: POST -- url: /usuarios/registro -- status: 400 -- response-time: 100.085 ms
Sun, 16 Feb 2025 01:10:59 GMT -- method: POST -- url: /usuarios/registro -- status: 400 -- response-time: 48.692 ms
Sun, 16 Feb 2025 01:11:13 GMT -- method: POST -- url: /usuarios/registro -- status: 400 -- response-time: 57.030 ms
Sun, 16 Feb 2025 01:11:35 GMT -- method: POST -- url: /usuarios/registro -- status: 400 -- response-time: 55.129 ms
Sun, 16 Feb 2025 01:11:55 GMT -- method: POST -- url: /usuarios/registro -- status: 201 -- response-time: 397.176 ms
Sun, 16 Feb 2025 01:12:41 GMT -- method: POST -- url: /usuarios/login -- status: 200 -- response-time: 221.682 ms
Sun, 16 Feb 2025 01:16:08 GMT -- method: POST -- url: /usuarios/login -- status: 500 -- response-time: 72.129 ms
Sun, 16 Feb 2025 01:16:50 GMT -- method: POST -- url: /usuarios/registro -- status: 201 -- response-time: 140.714 ms
Sun, 16 Feb 2025 01:24:24 GMT -- method: POST -- url: /usuarios/registro -- status: 400 -- response-time: 165.073 ms
Sun, 16 Feb 2025 01:24:33 GMT -- method: POST -- url: /usuarios/registro -- status: 400 -- response-time: 2.371 ms
Sun, 16 Feb 2025 01:24:39 GMT -- method: POST -- url: /usuarios/registro -- status: 201 -- response-time: 159.037 ms
Sun, 16 Feb 2025 01:26:01 GMT -- method: POST -- url: /usuarios/login -- status: 500 -- response-time: 195.513 ms
Sun, 16 Feb 2025 01:26:07 GMT -- method: POST -- url: /usuarios/login -- status: 200 -- response-time: 122.360 ms
Sun, 16 Feb 2025 02:47:54 GMT -- method: POST -- url: /usuarios/login -- status: 500 -- response-time: 209.505 ms
Sun, 16 Feb 2025 02:47:59 GMT -- method: POST -- url: /usuarios/login -- status: 500 -- response-time: 122.060 ms
Sun, 16 Feb 2025 02:48:04 GMT -- method: POST -- url: /usuarios/login -- status: 200 -- response-time: 125.539 ms
